==============================================================================
GEOMETRIC CLEARANCE  topL=8 depth=4   (conformal M^TQM=9Q: True)
==============================================================================
N=311738 chain points; levels available for roots: [5, 6, 7, 8]

 g=1: #cyl=92732 maxsize=4 cell=4
   Q-diam median=241 max=364 (sqrt=19.1); 3^g=3
   RAW clearance (all distinct pairs): Qdist=1 sqrt=1.000 norm/diam=0.0524 /3^g=0.3333 witness idxgap=1
   LONG-RANGE clearance (idxgap>8): Qdist=1 sqrt=1.000 norm/diam=0.0524 /3^g=0.3333 witness idxgap=10
   touch/overlap: 200 closest distinct-cyl encounters, of which 1 are chain-distant (idxgap>8)
   root/map sep |Delta|_Q min=9 sqrt=3.000 /3^g=1.0000 ; Delta=0 hits (distinct cyls, same anchor)=0
   ARCH |Omega|^2_Qdual/81^g EXACTLY conformal-invariant under cof descent? True  (=> archimedean magnitude does NOT decay);  p-adic v3(Omega) med=1 max=6, E=v3-2g med=-1 (over 3000 triples)

 g=2: #cyl=27697 maxsize=15 cell=9
   Q-diam median=3451 max=4552 (sqrt=67.5); 3^g=9
   RAW clearance (all distinct pairs): Qdist=1 sqrt=1.000 norm/diam=0.0148 /3^g=0.1111 witness idxgap=1
   LONG-RANGE clearance (idxgap>30): Qdist=78 sqrt=8.832 norm/diam=0.1309 /3^g=0.9813 witness idxgap=31
   touch/overlap: 200 closest distinct-cyl encounters, of which 0 are chain-distant (idxgap>30)
   root/map sep |Delta|_Q min=81 sqrt=9.000 /3^g=1.0000 ; Delta=0 hits (distinct cyls, same anchor)=0
   ARCH |Omega|^2_Qdual/81^g EXACTLY conformal-invariant under cof descent? True  (=> archimedean magnitude does NOT decay);  p-adic v3(Omega) med=2 max=8, E=v3-2g med=-2 (over 3000 triples)

 g=3: #cyl=8214 maxsize=53 cell=27
   Q-diam median=41809 max=44890 (sqrt=211.9); 3^g=27
   RAW clearance (all distinct pairs): Qdist=1 sqrt=1.000 norm/diam=0.0047 /3^g=0.0370 witness idxgap=2
   LONG-RANGE clearance (idxgap>106): Qdist=3150 sqrt=56.125 norm/diam=0.2649 /3^g=2.0787 witness idxgap=107
   touch/overlap: 200 closest distinct-cyl encounters, of which 0 are chain-distant (idxgap>106)
   root/map sep |Delta|_Q min=729 sqrt=27.000 /3^g=1.0000 ; Delta=0 hits (distinct cyls, same anchor)=0
   ARCH |Omega|^2_Qdual/81^g EXACTLY conformal-invariant under cof descent? True  (=> archimedean magnitude does NOT decay);  p-adic v3(Omega) med=3 max=8, E=v3-2g med=-3 (over 3000 triples)

 g=4: #cyl=2458 maxsize=168 cell=81
   Q-diam median=293174 max=394834 (sqrt=628.4); 3^g=81
   RAW clearance (all distinct pairs): Qdist=1 sqrt=1.000 norm/diam=0.0016 /3^g=0.0123 witness idxgap=2
   LONG-RANGE clearance (idxgap>336): Qdist=6033 sqrt=77.672 norm/diam=0.1236 /3^g=0.9589 witness idxgap=648
   touch/overlap: 200 closest distinct-cyl encounters, of which 0 are chain-distant (idxgap>336)
   ARCH |Omega|^2_Qdual/81^g EXACTLY conformal-invariant under cof descent? True  (=> archimedean magnitude does NOT decay);  p-adic v3(Omega) med=4 max=11, E=v3-2g med=-4 (over 3000 triples)

------------------------------------------------------------------------------
SLOPES (log-quantity regressed on g):
  RAW clearance/diam        : seq=[0.0524, 0.0148, 0.0047, 0.0016]  log-slope=-1.1627924430111178
  RAW clearance/3^g         : seq=[0.3333, 0.1111, 0.037, 0.0123]  log-slope=-1.0986122886681087
  LONG clearance/diam       : seq=[0.0524, 0.1309, 0.2649, 0.1236]  log-slope=0.3278799540115003
  |Omega|_Qdual descent-invariant seq=[True, True, True, True]  (all True => archimedean magnitude EXACTLY constant, conformal)
  p-adic v3(Omega) max seq=[6, 8, 8, 11]  (climbs => 3-adic parallelism, the ghost the 5 rounds read as decay)
  root-sep/3^g seq=[1.0, 1.0, 1.0, None]  (Bandt-Graf translation, normalized)
  Delta=0 hits seq=[0, 0, 0, None]  (any nonzero => id in closure => OSC FAILS)
