domains: 124 steps, fragile 18
level 0: 20 steps (certified base, seed 193)
benign L1: 62 steps, 63 pts, fragile segs 3, frac min/mean 0.7155/0.8335, min est_abs 181578 t=32s
benign L2: 213 steps, 214 pts, fragile segs 23, frac min/mean 0.3401/0.6606, min est_abs 32755 t=32s
benign L3: 744 steps, 745 pts, fragile segs 74, frac min/mean 0.1201/0.5799, min est_abs 17085 t=34s
== ATTACK L2 target[last-fragile] i=52 ==
  target i=52 step=(-2, 2, -1) d24=1732 |D*|=501044 pos-in-order=22; tracker alive anchors-only: 1732/2132
  consp 1/22 seg=0 d24=46 len=4 cands=46 kill=0 alive=1732 avail=41776 t=34s
  consp 2/22 seg=5 d24=46 len=4 cands=45 kill=0 alive=1732 avail=34425 t=34s
  consp 3/22 seg=10 d24=46 len=4 cands=46 kill=0 alive=1732 avail=43673 t=35s
  consp 4/22 seg=25 d24=46 len=4 cands=46 kill=0 alive=1732 avail=37746 t=35s
  consp 5/22 seg=34 d24=46 len=4 cands=46 kill=2 alive=1730 avail=42488 t=35s
  consp 6/22 seg=46 d24=46 len=4 cands=34 kill=0 alive=1730 avail=34651 t=35s
  consp 7/22 seg=51 d24=46 len=4 cands=46 kill=806 alive=924 avail=41776 t=35s
  consp 8/22 seg=56 d24=46 len=4 cands=44 kill=3 alive=921 avail=37744 t=35s
  consp 9/22 seg=58 d24=46 len=4 cands=44 kill=15 alive=906 avail=37269 t=35s
  consp 10/22 seg=60 d24=46 len=4 cands=35 kill=132 alive=774 avail=32993 t=36s
  consp 11/22 seg=59 d24=394 len=4 cands=141 kill=1 alive=773 avail=93881 t=36s
  consp 12/22 seg=6 d24=600 len=4 cands=184 kill=0 alive=773 avail=109018 t=36s
  consp 13/22 seg=31 d24=600 len=4 cands=513 kill=1 alive=772 avail=224144 t=37s
  consp 14/22 seg=33 d24=600 len=4 cands=312 kill=6 alive=766 avail=134491 t=37s
  consp 15/22 seg=22 d24=1505 len=3 cands=1 kill=0 alive=766 avail=281123 t=37s
  consp 16/22 seg=24 d24=1505 len=3 cands=1 kill=0 alive=766 avail=238047 t=37s
  consp 17/22 seg=40 d24=1505 len=3 cands=1 kill=0 alive=766 avail=369239 t=37s
  consp 18/22 seg=1 d24=1732 len=4 cands=555 kill=0 alive=766 avail=200280 t=38s
  consp 19/22 seg=15 d24=1732 len=4 cands=1562 kill=20 alive=746 avail=448446 t=42s
  consp 20/22 seg=19 d24=1732 len=4 cands=1333 kill=0 alive=746 avail=318396 t=46s
  consp 21/22 seg=37 d24=1732 len=4 cands=832 kill=17 alive=729 avail=220529 t=48s
  consp 22/22 seg=45 d24=1732 len=4 cands=933 kill=45 alive=684 avail=223127 t=51s
  adv TARGET RESULT: avail 157476/501044 (frac 0.3143, ok24=567, d5 sampled)
  benign-exact TARGET RESULT: avail 231645/501044 (frac 0.4623, ok24=838, d5 sampled)
== ATTACK L2 target[last-46] i=60 ==
  target i=60 step=(2, 2, -2) d24=46 |D*|=47467 pos-in-order=9; tracker alive anchors-only: 405/446
  consp 1/9 seg=0 d24=46 len=4 cands=46 kill=0 alive=405 avail=41776 t=51s
  consp 2/9 seg=5 d24=46 len=4 cands=45 kill=0 alive=405 avail=34425 t=51s
  consp 3/9 seg=10 d24=46 len=4 cands=46 kill=0 alive=405 avail=43673 t=52s
  consp 4/9 seg=25 d24=46 len=4 cands=46 kill=0 alive=405 avail=37746 t=52s
  consp 5/9 seg=34 d24=46 len=4 cands=46 kill=0 alive=405 avail=42488 t=52s
  consp 6/9 seg=46 d24=46 len=4 cands=34 kill=157 alive=248 avail=34651 t=52s
  consp 7/9 seg=51 d24=46 len=4 cands=46 kill=7 alive=241 avail=41539 t=52s
  consp 8/9 seg=56 d24=46 len=4 cands=44 kill=7 alive=234 avail=39641 t=52s
  consp 9/9 seg=58 d24=46 len=4 cands=44 kill=4 alive=230 avail=39403 t=52s
  adv TARGET RESULT: avail 26508/47467 (frac 0.5585, ok24=19, d5 exact)
  benign-exact TARGET RESULT: avail 33355/47467 (frac 0.7027, ok24=35, d5 exact)
== ATTACK L2 target[benign-weakest] i=33 ==
  target i=33 step=(0, -2, 2) d24=600 |D*|=298775 pos-in-order=13; tracker alive anchors-only: 762/1000
  consp 1/13 seg=0 d24=46 len=4 cands=46 kill=0 alive=762 avail=41776 t=53s
  consp 2/13 seg=5 d24=46 len=4 cands=45 kill=0 alive=762 avail=34425 t=53s
  consp 3/13 seg=10 d24=46 len=4 cands=46 kill=0 alive=762 avail=43673 t=53s
  consp 4/13 seg=25 d24=46 len=4 cands=46 kill=0 alive=762 avail=37746 t=54s
  consp 5/13 seg=34 d24=46 len=4 cands=46 kill=438 alive=324 avail=42488 t=54s
  consp 6/13 seg=46 d24=46 len=4 cands=34 kill=1 alive=323 avail=34651 t=54s
  consp 7/13 seg=51 d24=46 len=4 cands=46 kill=0 alive=323 avail=41302 t=54s
  consp 8/13 seg=56 d24=46 len=4 cands=44 kill=0 alive=323 avail=37744 t=54s
  consp 9/13 seg=58 d24=46 len=4 cands=41 kill=0 alive=323 avail=35844 t=54s
  consp 10/13 seg=60 d24=46 len=4 cands=36 kill=0 alive=323 avail=33705 t=54s
  consp 11/13 seg=59 d24=394 len=4 cands=136 kill=0 alive=323 avail=103249 t=54s
  consp 12/13 seg=6 d24=600 len=4 cands=184 kill=0 alive=323 avail=109018 t=55s
  consp 13/13 seg=31 d24=600 len=4 cands=484 kill=121 alive=202 avail=215170 t=55s
  adv TARGET RESULT: avail 77775/298775 (frac 0.2603, ok24=100, d5 sampled)
  benign-exact TARGET RESULT: avail 113463/298775 (frac 0.3798, ok24=231, d5 sampled)
== ATTACK L3 target[last-fragile] i=187 ==
  target i=187 step=(-2, -2, 1) d24=1732 |D*|=501044 pos-in-order=73; tracker alive anchors-only: 1435/2132
  consp 1/73 seg=10 d24=46 len=4 cands=24 kill=0 alive=1435 avail=31085 t=56s
  consp 2/73 seg=15 d24=46 len=4 cands=44 kill=0 alive=1435 avail=37032 t=56s
  consp 3/73 seg=26 d24=46 len=4 cands=46 kill=0 alive=1435 avail=43436 t=56s
  consp 4/73 seg=29 d24=46 len=4 cands=44 kill=0 alive=1435 avail=40352 t=56s
  consp 5/73 seg=31 d24=46 len=4 cands=40 kill=0 alive=1435 avail=31812 t=57s
  consp 6/73 seg=35 d24=46 len=4 cands=45 kill=0 alive=1435 avail=42250 t=57s
  consp 7/73 seg=44 d24=46 len=4 cands=34 kill=0 alive=1435 avail=26827 t=57s
  consp 8/73 seg=47 d24=46 len=4 cands=44 kill=0 alive=1435 avail=38218 t=57s
  consp 9/73 seg=50 d24=46 len=4 cands=46 kill=0 alive=1435 avail=37034 t=58s
  consp 10/73 seg=58 d24=46 len=4 cands=33 kill=0 alive=1435 avail=35125 t=58s
  consp 11/73 seg=60 d24=46 len=4 cands=24 kill=0 alive=1435 avail=28477 t=58s
  consp 12/73 seg=65 d24=46 len=4 cands=46 kill=0 alive=1435 avail=44859 t=58s
  consp 13/73 seg=71 d24=46 len=4 cands=46 kill=0 alive=1435 avail=40828 t=59s
  consp 14/73 seg=90 d24=46 len=4 cands=44 kill=0 alive=1435 avail=37032 t=59s
  consp 15/73 seg=93 d24=46 len=4 cands=46 kill=0 alive=1435 avail=35849 t=59s
  consp 16/73 seg=96 d24=46 len=4 cands=24 kill=0 alive=1435 avail=31322 t=59s
  consp 17/73 seg=98 d24=46 len=4 cands=39 kill=0 alive=1435 avail=26832 t=60s
  consp 18/73 seg=100 d24=46 len=4 cands=36 kill=0 alive=1435 avail=28489 t=60s
  consp 19/73 seg=102 d24=46 len=4 cands=13 kill=0 alive=1435 avail=17085 t=60s
  consp 20/73 seg=110 d24=46 len=4 cands=44 kill=0 alive=1435 avail=37744 t=60s
  consp 21/73 seg=120 d24=46 len=4 cands=32 kill=0 alive=1435 avail=34649 t=60s
  consp 22/73 seg=122 d24=46 len=4 cands=39 kill=0 alive=1435 avail=22801 t=61s
  consp 23/73 seg=124 d24=46 len=4 cands=20 kill=0 alive=1435 avail=26339 t=61s
  consp 24/73 seg=131 d24=46 len=4 cands=28 kill=0 alive=1435 avail=23264 t=61s
  consp 25/73 seg=134 d24=46 len=4 cands=42 kill=73 alive=1362 avail=37030 t=61s
  consp 26/73 seg=139 d24=46 len=4 cands=32 kill=0 alive=1362 avail=36072 t=61s
  consp 27/73 seg=143 d24=46 len=4 cands=46 kill=0 alive=1362 avail=39880 t=62s
  consp 28/73 seg=147 d24=46 len=4 cands=34 kill=0 alive=1362 avail=37971 t=62s
  consp 29/73 seg=161 d24=46 len=4 cands=46 kill=0 alive=1362 avail=40591 t=62s
  consp 30/73 seg=164 d24=46 len=4 cands=46 kill=0 alive=1362 avail=39643 t=62s
  consp 31/73 seg=169 d24=46 len=4 cands=46 kill=0 alive=1362 avail=36323 t=63s
  consp 32/73 seg=181 d24=46 len=4 cands=44 kill=8 alive=1354 avail=36084 t=63s
  consp 33/73 seg=184 d24=46 len=4 cands=44 kill=411 alive=943 avail=35373 t=63s
  consp 34/73 seg=194 d24=46 len=4 cands=46 kill=1 alive=942 avail=43673 t=63s
  consp 35/73 seg=210 d24=46 len=4 cands=46 kill=0 alive=942 avail=43436 t=64s
  consp 36/73 seg=12 d24=394 len=4 cands=204 kill=0 alive=942 avail=111650 t=64s
  consp 37/73 seg=48 d24=394 len=4 cands=147 kill=0 alive=942 avail=78263 t=65s
  consp 38/73 seg=64 d24=394 len=4 cands=150 kill=0 alive=942 avail=103263 t=66s
  consp 39/73 seg=11 d24=600 len=4 cands=200 kill=0 alive=942 avail=92634 t=66s
  consp 40/73 seg=55 d24=600 len=4 cands=562 kill=2 alive=940 avail=242084 t=69s
  consp 41/73 seg=69 d24=600 len=4 cands=534 kill=0 alive=940 avail=231620 t=71s
  consp 42/73 seg=61 d24=1505 len=3 cands=1 kill=0 alive=940 avail=138272 t=71s
  consp 43/73 seg=91 d24=1505 len=4 cands=465 kill=0 alive=940 avail=117858 t=72s
  consp 44/73 seg=101 d24=1505 len=4 cands=262 kill=0 alive=940 avail=106367 t=73s
  consp 45/73 seg=151 d24=1505 len=3 cands=1 kill=0 alive=940 avail=407773 t=74s
  consp 46/73 seg=4 d24=1732 len=4 cands=1690 kill=0 alive=940 avail=456064 t=80s
  consp 47/73 seg=9 d24=1732 len=4 cands=855 kill=3 alive=937 avail=205573 t=83s
  consp 48/73 seg=14 d24=1732 len=4 cands=744 kill=0 alive=937 avail=148041 t=86s
  consp 49/73 seg=42 d24=1732 len=4 cands=1042 kill=0 alive=937 avail=245705 t=89s
  consp 50/73 seg=43 d24=1732 len=4 cands=635 kill=0 alive=937 avail=162911 t=90s
  consp 51/73 seg=45 d24=1732 len=4 cands=569 kill=0 alive=937 avail=125397 t=91s
  consp 52/73 seg=49 d24=1732 len=4 cands=497 kill=39 alive=898 avail=100359 t=93s
  consp 53/73 seg=51 d24=1732 len=4 cands=346 kill=0 alive=898 avail=110195 t=93s
  consp 54/73 seg=57 d24=1732 len=4 cands=337 kill=0 alive=898 avail=95206 t=94s
  consp 55/73 seg=72 d24=1732 len=4 cands=634 kill=0 alive=898 avail=190373 t=95s
  consp 56/73 seg=79 d24=1732 len=4 cands=1175 kill=0 alive=898 avail=280790 t=98s
  consp 57/73 seg=81 d24=1732 len=4 cands=861 kill=0 alive=898 avail=185606 t=100s
  consp 58/73 seg=103 d24=1732 len=4 cands=554 kill=0 alive=898 avail=155341 t=101s
  consp 59/73 seg=125 d24=1732 len=4 cands=691 kill=0 alive=898 avail=182940 t=103s
  consp 60/73 seg=130 d24=1732 len=4 cands=985 kill=0 alive=898 avail=253138 t=107s
  consp 61/73 seg=132 d24=1732 len=4 cands=398 kill=0 alive=898 avail=115240 t=109s
  consp 62/73 seg=140 d24=1732 len=4 cands=820 kill=0 alive=898 avail=218021 t=112s
  consp 63/73 seg=142 d24=1732 len=4 cands=642 kill=13 alive=885 avail=197870 t=115s
  consp 64/73 seg=144 d24=1732 len=4 cands=708 kill=30 alive=855 avail=175467 t=118s
  consp 65/73 seg=155 d24=1732 len=4 cands=1673 kill=0 alive=855 avail=458543 t=125s
  consp 66/73 seg=160 d24=1732 len=4 cands=985 kill=1 alive=854 avail=213193 t=129s
  consp 67/73 seg=162 d24=1732 len=4 cands=491 kill=0 alive=854 avail=152781 t=131s
  consp 68/73 seg=165 d24=1732 len=4 cands=692 kill=0 alive=854 avail=210403 t=134s
  consp 69/73 seg=170 d24=1732 len=4 cands=590 kill=2 alive=852 avail=145390 t=137s
  consp 70/73 seg=176 d24=1732 len=4 cands=1591 kill=0 alive=852 avail=418517 t=143s
  consp 71/73 seg=182 d24=1732 len=4 cands=686 kill=81 alive=771 avail=160466 t=145s
  consp 72/73 seg=183 d24=1732 len=4 cands=730 kill=113 alive=658 avail=180482 t=147s
  consp 73/73 seg=185 d24=1732 len=4 cands=440 kill=393 alive=265 avail=142744 t=148s
  adv TARGET RESULT: avail 86460/501044 (frac 0.1726, ok24=204, d5 sampled)
  benign-exact TARGET RESULT: avail 289916/501044 (frac 0.5786, ok24=1064, d5 sampled)
== ATTACK L3 target[last-46] i=210 ==
  target i=210 step=(2, -2, 2) d24=46 |D*|=47467 pos-in-order=34; tracker alive anchors-only: 437/446
  consp 1/34 seg=10 d24=46 len=4 cands=24 kill=0 alive=437 avail=31085 t=153s
  consp 2/34 seg=15 d24=46 len=4 cands=44 kill=0 alive=437 avail=37032 t=153s
  consp 3/34 seg=26 d24=46 len=4 cands=46 kill=0 alive=437 avail=43436 t=153s
  consp 4/34 seg=29 d24=46 len=4 cands=44 kill=0 alive=437 avail=40352 t=154s
  consp 5/34 seg=31 d24=46 len=4 cands=40 kill=0 alive=437 avail=31812 t=154s
  consp 6/34 seg=35 d24=46 len=4 cands=45 kill=0 alive=437 avail=42250 t=154s
  consp 7/34 seg=44 d24=46 len=4 cands=34 kill=0 alive=437 avail=26827 t=154s
  consp 8/34 seg=47 d24=46 len=4 cands=44 kill=0 alive=437 avail=38218 t=154s
  consp 9/34 seg=50 d24=46 len=4 cands=46 kill=0 alive=437 avail=37034 t=154s
  consp 10/34 seg=58 d24=46 len=4 cands=33 kill=0 alive=437 avail=35125 t=154s
  consp 11/34 seg=60 d24=46 len=4 cands=24 kill=0 alive=437 avail=28477 t=154s
  consp 12/34 seg=65 d24=46 len=4 cands=46 kill=0 alive=437 avail=44859 t=154s
  consp 13/34 seg=71 d24=46 len=4 cands=46 kill=0 alive=437 avail=40828 t=155s
  consp 14/34 seg=90 d24=46 len=4 cands=44 kill=0 alive=437 avail=37032 t=155s
  consp 15/34 seg=93 d24=46 len=4 cands=46 kill=0 alive=437 avail=35849 t=155s
  consp 16/34 seg=96 d24=46 len=4 cands=24 kill=0 alive=437 avail=31322 t=155s
  consp 17/34 seg=98 d24=46 len=4 cands=39 kill=0 alive=437 avail=26832 t=155s
  consp 18/34 seg=100 d24=46 len=4 cands=36 kill=0 alive=437 avail=28489 t=155s
  consp 19/34 seg=102 d24=46 len=4 cands=13 kill=0 alive=437 avail=17085 t=155s
  consp 20/34 seg=110 d24=46 len=4 cands=44 kill=0 alive=437 avail=37744 t=155s
  consp 21/34 seg=120 d24=46 len=4 cands=32 kill=0 alive=437 avail=34649 t=156s
  consp 22/34 seg=122 d24=46 len=4 cands=39 kill=0 alive=437 avail=22801 t=156s
  consp 23/34 seg=124 d24=46 len=4 cands=20 kill=0 alive=437 avail=26339 t=156s
  consp 24/34 seg=131 d24=46 len=4 cands=28 kill=0 alive=437 avail=23264 t=156s
  consp 25/34 seg=134 d24=46 len=4 cands=42 kill=0 alive=437 avail=37030 t=156s
  consp 26/34 seg=139 d24=46 len=4 cands=32 kill=0 alive=437 avail=36546 t=156s
  consp 27/34 seg=143 d24=46 len=4 cands=46 kill=0 alive=437 avail=39880 t=156s
  consp 28/34 seg=147 d24=46 len=4 cands=34 kill=0 alive=437 avail=37971 t=156s
  consp 29/34 seg=161 d24=46 len=4 cands=46 kill=0 alive=437 avail=40591 t=156s
  consp 30/34 seg=164 d24=46 len=4 cands=46 kill=0 alive=437 avail=39643 t=157s
  consp 31/34 seg=169 d24=46 len=4 cands=46 kill=0 alive=437 avail=36560 t=157s
  consp 32/34 seg=181 d24=46 len=4 cands=44 kill=0 alive=437 avail=36321 t=157s
  consp 33/34 seg=184 d24=46 len=4 cands=44 kill=0 alive=437 avail=35373 t=157s
  consp 34/34 seg=194 d24=46 len=4 cands=46 kill=0 alive=437 avail=43910 t=157s
  adv TARGET RESULT: avail 45497/47467 (frac 0.9585, ok24=46, d5 exact)
  benign-exact TARGET RESULT: avail 45497/47467 (frac 0.9585, ok24=46, d5 exact)
== ATTACK L3 target[benign-weakest] i=183 ==
  target i=183 step=(-2, -2, 1) d24=1732 |D*|=501044 pos-in-order=71; tracker alive anchors-only: 1638/2132
  consp 1/71 seg=10 d24=46 len=4 cands=24 kill=0 alive=1638 avail=31085 t=162s
  consp 2/71 seg=15 d24=46 len=4 cands=44 kill=0 alive=1638 avail=37032 t=162s
  consp 3/71 seg=26 d24=46 len=4 cands=46 kill=0 alive=1638 avail=43436 t=162s
  consp 4/71 seg=29 d24=46 len=4 cands=44 kill=0 alive=1638 avail=40352 t=163s
  consp 5/71 seg=31 d24=46 len=4 cands=40 kill=0 alive=1638 avail=31812 t=163s
  consp 6/71 seg=35 d24=46 len=4 cands=45 kill=0 alive=1638 avail=42250 t=163s
  consp 7/71 seg=44 d24=46 len=4 cands=34 kill=0 alive=1638 avail=26827 t=163s
  consp 8/71 seg=47 d24=46 len=4 cands=44 kill=0 alive=1638 avail=38218 t=164s
  consp 9/71 seg=50 d24=46 len=4 cands=46 kill=0 alive=1638 avail=37034 t=164s
  consp 10/71 seg=58 d24=46 len=4 cands=33 kill=0 alive=1638 avail=35125 t=164s
  consp 11/71 seg=60 d24=46 len=4 cands=24 kill=0 alive=1638 avail=28477 t=165s
  consp 12/71 seg=65 d24=46 len=4 cands=46 kill=0 alive=1638 avail=44859 t=165s
  consp 13/71 seg=71 d24=46 len=4 cands=46 kill=102 alive=1536 avail=40828 t=165s
  consp 14/71 seg=90 d24=46 len=4 cands=44 kill=0 alive=1536 avail=37032 t=165s
  consp 15/71 seg=93 d24=46 len=4 cands=46 kill=0 alive=1536 avail=35849 t=166s
  consp 16/71 seg=96 d24=46 len=4 cands=24 kill=0 alive=1536 avail=31322 t=166s
  consp 17/71 seg=98 d24=46 len=4 cands=39 kill=1 alive=1535 avail=26832 t=166s
  consp 18/71 seg=100 d24=46 len=4 cands=36 kill=0 alive=1535 avail=28726 t=166s
  consp 19/71 seg=102 d24=46 len=4 cands=15 kill=0 alive=1535 avail=19695 t=167s
  consp 20/71 seg=110 d24=46 len=4 cands=44 kill=0 alive=1535 avail=37744 t=167s
  consp 21/71 seg=120 d24=46 len=4 cands=32 kill=0 alive=1535 avail=34649 t=167s
  consp 22/71 seg=122 d24=46 len=4 cands=39 kill=0 alive=1535 avail=22801 t=167s
  consp 23/71 seg=124 d24=46 len=4 cands=20 kill=0 alive=1535 avail=26339 t=167s
  consp 24/71 seg=131 d24=46 len=4 cands=28 kill=0 alive=1535 avail=23264 t=168s
  consp 25/71 seg=134 d24=46 len=4 cands=42 kill=0 alive=1535 avail=37030 t=168s
  consp 26/71 seg=139 d24=46 len=4 cands=32 kill=110 alive=1425 avail=36546 t=168s
  consp 27/71 seg=143 d24=46 len=4 cands=46 kill=0 alive=1425 avail=39880 t=168s
  consp 28/71 seg=147 d24=46 len=4 cands=34 kill=0 alive=1425 avail=37971 t=169s
  consp 29/71 seg=161 d24=46 len=4 cands=46 kill=0 alive=1425 avail=40591 t=169s
  consp 30/71 seg=164 d24=46 len=4 cands=46 kill=0 alive=1425 avail=39643 t=169s
  consp 31/71 seg=169 d24=46 len=4 cands=46 kill=0 alive=1425 avail=36560 t=169s
  consp 32/71 seg=181 d24=46 len=4 cands=44 kill=490 alive=935 avail=35136 t=170s
  consp 33/71 seg=184 d24=46 len=4 cands=34 kill=495 alive=440 avail=33229 t=170s
  consp 34/71 seg=194 d24=46 len=4 cands=46 kill=6 alive=434 avail=43910 t=170s
  consp 35/71 seg=210 d24=46 len=4 cands=46 kill=0 alive=434 avail=43436 t=170s
  consp 36/71 seg=12 d24=394 len=4 cands=204 kill=0 alive=434 avail=111650 t=170s
  consp 37/71 seg=48 d24=394 len=4 cands=147 kill=0 alive=434 avail=78263 t=171s
  consp 38/71 seg=64 d24=394 len=4 cands=150 kill=0 alive=434 avail=103263 t=171s
  consp 39/71 seg=11 d24=600 len=4 cands=200 kill=0 alive=434 avail=92634 t=172s
  consp 40/71 seg=55 d24=600 len=4 cands=562 kill=0 alive=434 avail=242084 t=173s
  consp 41/71 seg=69 d24=600 len=4 cands=600 kill=0 alive=434 avail=267467 t=174s
  consp 42/71 seg=61 d24=1505 len=3 cands=1 kill=0 alive=434 avail=131468 t=174s
  consp 43/71 seg=91 d24=1505 len=4 cands=465 kill=22 alive=412 avail=117858 t=175s
  consp 44/71 seg=101 d24=1505 len=4 cands=230 kill=24 alive=388 avail=97305 t=175s
  consp 45/71 seg=151 d24=1505 len=3 cands=1 kill=0 alive=388 avail=407773 t=175s
  consp 46/71 seg=4 d24=1732 len=4 cands=1690 kill=0 alive=388 avail=456064 t=178s
  consp 47/71 seg=9 d24=1732 len=4 cands=855 kill=0 alive=388 avail=205573 t=180s
  consp 48/71 seg=14 d24=1732 len=4 cands=744 kill=0 alive=388 avail=160524 t=181s
  consp 49/71 seg=42 d24=1732 len=4 cands=1042 kill=0 alive=388 avail=245705 t=183s
  consp 50/71 seg=43 d24=1732 len=4 cands=612 kill=0 alive=388 avail=147909 t=184s
  consp 51/71 seg=45 d24=1732 len=4 cands=569 kill=0 alive=388 avail=125397 t=185s
  consp 52/71 seg=49 d24=1732 len=4 cands=497 kill=0 alive=388 avail=100359 t=187s
  consp 53/71 seg=51 d24=1732 len=4 cands=344 kill=0 alive=388 avail=112689 t=187s
  consp 54/71 seg=57 d24=1732 len=4 cands=331 kill=0 alive=388 avail=90207 t=188s
  consp 55/71 seg=72 d24=1732 len=4 cands=793 kill=0 alive=388 avail=227980 t=190s
  consp 56/71 seg=79 d24=1732 len=4 cands=1151 kill=0 alive=388 avail=278269 t=192s
  consp 57/71 seg=81 d24=1732 len=4 cands=859 kill=5 alive=383 avail=205577 t=194s
  consp 58/71 seg=103 d24=1732 len=4 cands=536 kill=1 alive=382 avail=127861 t=195s
  consp 59/71 seg=125 d24=1732 len=4 cands=702 kill=11 alive=371 avail=192937 t=196s
  consp 60/71 seg=130 d24=1732 len=4 cands=974 kill=2 alive=369 avail=243140 t=197s
  consp 61/71 seg=132 d24=1732 len=4 cands=411 kill=0 alive=369 avail=117749 t=198s
  consp 62/71 seg=140 d24=1732 len=4 cands=636 kill=65 alive=304 avail=182885 t=199s
  consp 63/71 seg=142 d24=1732 len=4 cands=640 kill=1 alive=303 avail=190379 t=200s
  consp 64/71 seg=144 d24=1732 len=4 cands=870 kill=0 alive=303 avail=208084 t=201s
  consp 65/71 seg=155 d24=1732 len=4 cands=1677 kill=0 alive=303 avail=456051 t=204s
  consp 66/71 seg=160 d24=1732 len=4 cands=985 kill=0 alive=303 avail=213193 t=205s
  consp 67/71 seg=162 d24=1732 len=4 cands=407 kill=0 alive=303 avail=130228 t=206s
  consp 68/71 seg=165 d24=1732 len=4 cands=670 kill=0 alive=303 avail=200395 t=207s
  consp 69/71 seg=170 d24=1732 len=4 cands=789 kill=37 alive=266 avail=193024 t=208s
  consp 70/71 seg=176 d24=1732 len=4 cands=1702 kill=0 alive=266 avail=451083 t=210s
  consp 71/71 seg=182 d24=1732 len=4 cands=898 kill=102 alive=164 avail=205616 t=211s
  adv TARGET RESULT: avail 59793/501044 (frac 0.1193, ok24=125, d5 sampled)
  benign-exact TARGET RESULT: avail 84403/501044 (frac 0.1685, ok24=269, d5 sampled)
WROTE design/attack2-results.json t=216s
SUMMARY L2 last-fragile i=52 step=(-2, 2, -1) d24=1732: benign 231645 (0.4623) -> adversarial 157476 (0.3143); ok24 838 -> 567; conspirators 22, min conspirator avail adv=32993 benign=32755
SUMMARY L2 last-46 i=60 step=(2, 2, -2) d24=46: benign 33355 (0.7027) -> adversarial 26508 (0.5585); ok24 35 -> 19; conspirators 9, min conspirator avail adv=34425 benign=34425
SUMMARY L2 benign-weakest i=33 step=(0, -2, 2) d24=600: benign 113463 (0.3798) -> adversarial 77775 (0.2603); ok24 231 -> 100; conspirators 13, min conspirator avail adv=33705 benign=32755
SUMMARY L3 last-fragile i=187 step=(-2, -2, 1) d24=1732: benign 289916 (0.5786) -> adversarial 86460 (0.1726); ok24 1064 -> 204; conspirators 73, min conspirator avail adv=17085 benign=17085
SUMMARY L3 last-46 i=210 step=(2, -2, 2) d24=46: benign 45497 (0.9585) -> adversarial 45497 (0.9585); ok24 46 -> 46; conspirators 34, min conspirator avail adv=17085 benign=17085
SUMMARY L3 benign-weakest i=183 step=(-2, -2, 1) d24=1732: benign 84403 (0.1685) -> adversarial 59793 (0.1193); ok24 269 -> 125; conspirators 71, min conspirator avail adv=19695 benign=17085
