band steps: 38
step (-2, -2, -2): |D5| = 666039
step (-2, -2, -1): |D5| = 1765784
step (-2, -2, 0): |D5| = 1184910
step (-2, -1, -2): |D5| = 1433480
step (-2, -1, 1): |D5| = 2686311
step (-2, 0, -2): |D5| = 1178565
step (-2, 0, 2): |D5| = 1178565
step (-2, 1, -1): |D5| = 2686311
step (-2, 1, 2): |D5| = 1433480
step (-2, 2, 0): |D5| = 1184910
step (-2, 2, 1): |D5| = 1765784
step (-2, 2, 2): |D5| = 666039
step (-1, -2, -2): |D5| = 2686311
step (-1, -2, 1): |D5| = 1928350
step (-1, -1, 2): |D5| = 1765784
step (-1, 1, -2): |D5| = 1765784
step (-1, 2, -1): |D5| = 1928350
step (-1, 2, 2): |D5| = 2686311
step (0, -1, 2): |D5| = 2642278
step (0, 1, -2): |D5| = 2642278
step (1, -2, -2): |D5| = 2686311
step (1, -2, 1): |D5| = 1928350
step (1, -1, 2): |D5| = 1765784
step (1, 1, -2): |D5| = 1765784
step (1, 2, -1): |D5| = 1928350
step (1, 2, 2): |D5| = 2686311
step (2, -2, -2): |D5| = 666039
step (2, -2, -1): |D5| = 1765784
step (2, -2, 0): |D5| = 1184910
step (2, -1, -2): |D5| = 1433480
step (2, -1, 1): |D5| = 2686311
step (2, 0, -2): |D5| = 1178565
step (2, 0, 2): |D5| = 1178565
step (2, 1, -1): |D5| = 2686311
step (2, 1, 2): |D5| = 1433480
step (2, 2, 0): |D5| = 1184910
step (2, 2, 1): |D5| = 1765784
step (2, 2, 2): |D5| = 666039
wrote dstar5_band.pkl
