L6 construct: 1000/8252 segs, 19s, esc 0 jam 0
L6 construct: 2000/8252 segs, 45s, esc 0 jam 0
L6 construct: 3000/8252 segs, 78s, esc 0 jam 0
L6 construct: 4000/8252 segs, 119s, esc 0 jam 0
L6 construct: 5000/8252 segs, 183s, esc 1 jam 0
L6 construct: 6000/8252 segs, 329s, esc 8 jam 0
L6 construct: 7000/8252 segs, 474s, esc 14 jam 0
L6 construct: 8000/8252 segs, 573s, esc 15 jam 0
L6: verifying 28710 points ...
L6: VERIFIED triple-free (932s)
L6 construct done: 28709 steps, stats {'N3': 3.995, 'N3_se': 0.008, 'N3_n': 8248, 'N9': 11.358, 'N9_se': 0.015, 'N9_n': 8224, 'N27': 35.192, 'N27_se': 0.05, 'N27_n': 8096, 'N81': 115.832, 'N81_se': 0.183, 'N81_n': 7783}
shard 0/4: pos 5000, 1250 recs, 1566s
shard 1/4: pos 5000, 1250 recs, 1572s
shard 2/4: pos 5000, 1250 recs, 1595s
shard 3/4: pos 5000, 1250 recs, 1609s
shard 1/4 done: 2063 records, 2757s
shard 0/4 done: 2063 records, 2767s
shard 2/4 done: 2063 records, 2778s
shard 3/4 done: 2063 records, 2782s
L6 MERGED SUMMARY: {"level": 6, "steps": 28709, "points": 28710, "escalations": 15, "jams": 0, "stats": {"N3": 3.995, "N3_se": 0.008, "N3_n": 8248, "N9": 11.358, "N9_se": 0.015, "N9_n": 8224, "N27": 35.192, "N27_se": 0.05, "N27_n": 8096, "N81": 115.832, "N81_se": 0.183, "N81_n": 7783}, "construct_s": 936, "recorded": 8252, "min_frac": 0.02, "mean_frac": 0.45748303441589866, "p01_frac": 0.085, "below_delta": 454, "min_surv_abs": 184}
KS(L5,L6) on N81: 0.0611 vs critical 0.0343 (ABOVE — drift)
GATE LEVEL COMPLETE
L7 construct: 1000/28709 segs, 28s, esc 0 jam 0
L7 construct: 2000/28709 segs, 57s, esc 0 jam 0
L7 construct: 3000/28709 segs, 90s, esc 0 jam 0
L7 construct: 4000/28709 segs, 136s, esc 0 jam 0
L7 construct: 5000/28709 segs, 187s, esc 0 jam 0
L7 construct: 6000/28709 segs, 245s, esc 0 jam 0
L7 construct: 7000/28709 segs, 320s, esc 0 jam 0
L7 construct: 8000/28709 segs, 392s, esc 0 jam 0
L7 construct: 9000/28709 segs, 451s, esc 0 jam 0
L7 construct: 10000/28709 segs, 511s, esc 0 jam 0
L7 construct: 11000/28709 segs, 577s, esc 0 jam 0
L7 construct: 12000/28709 segs, 649s, esc 0 jam 0
L7 construct: 13000/28709 segs, 724s, esc 0 jam 0
L7 construct: 14000/28709 segs, 799s, esc 0 jam 0
L7 construct: 15000/28709 segs, 879s, esc 0 jam 0
L7 construct: 16000/28709 segs, 959s, esc 0 jam 0
L7 construct: 17000/28709 segs, 1067s, esc 1 jam 0
L7 construct: 18000/28709 segs, 1195s, esc 6 jam 0
L7 construct: 19000/28709 segs, 1326s, esc 18 jam 0
L7 construct: 20000/28709 segs, 1431s, esc 39 jam 0
L7 construct: 21000/28709 segs, 1554s, esc 75 jam 0
L7 construct: 22000/28709 segs, 1681s, esc 135 jam 0
L7 construct: 23000/28709 segs, 1787s, esc 137 jam 0
L7 construct: 24000/28709 segs, 1892s, esc 138 jam 0
L7 construct: 25000/28709 segs, 2010s, esc 150 jam 0
L7 construct: 26000/28709 segs, 2121s, esc 153 jam 0
L7 construct: 27000/28709 segs, 2232s, esc 153 jam 0
L7 construct: 28000/28709 segs, 2343s, esc 153 jam 0
L7: verifying 100359 points ...
L7: VERIFIED triple-free (5662s)
L7 construct done: 100358 steps, stats {'N3': 4.024, 'N3_se': 0.004, 'N3_n': 28701, 'N9': 11.489, 'N9_se': 0.009, 'N9_n': 28684, 'N27': 35.929, 'N27_se': 0.029, 'N27_n': 28594, 'N81': 118.578, 'N81_se': 0.101, 'N81_n': 28180}
