side pass: 78728 states x 15545 deltas
  0/78728 elapsed 0.0m eta 172m full-coverage so far 1/1
  4000/78728 elapsed 0.9m eta 17m full-coverage so far 4001/4001
  8000/78728 elapsed 1.7m eta 15m full-coverage so far 8001/8001
  12000/78728 elapsed 2.3m eta 13m full-coverage so far 12001/12001
  16000/78728 elapsed 2.9m eta 12m full-coverage so far 16001/16001
  20000/78728 elapsed 3.5m eta 10m full-coverage so far 20001/20001
  24000/78728 elapsed 4.2m eta 10m full-coverage so far 24001/24001
  28000/78728 elapsed 5.0m eta 9m full-coverage so far 28001/28001
  32000/78728 elapsed 6.1m eta 9m full-coverage so far 32001/32001
  36000/78728 elapsed 7.1m eta 8m full-coverage so far 36001/36001
  40000/78728 elapsed 8.1m eta 8m full-coverage so far 40001/40001
  44000/78728 elapsed 9.1m eta 7m full-coverage so far 44001/44001
  48000/78728 elapsed 9.8m eta 6m full-coverage so far 48001/48001
  52000/78728 elapsed 10.4m eta 5m full-coverage so far 52001/52001
  56000/78728 elapsed 11.2m eta 5m full-coverage so far 56001/56001
  60000/78728 elapsed 12.3m eta 4m full-coverage so far 60001/60001
  64000/78728 elapsed 13.3m eta 3m full-coverage so far 64001/64001
  68000/78728 elapsed 14.4m eta 2m full-coverage so far 68001/68001
  72000/78728 elapsed 15.4m eta 1m full-coverage so far 72001/72001
  76000/78728 elapsed 16.5m eta 1m full-coverage so far 76001/76001

=== SIDE PASS COMPLETE ===
transitions: 1223826760
E3 total 6516 (5.32e-06), E4 total 53672 (4.39e-05)
climb histogram (a'-a): {-3: 291923424, -2: 305425276, -1: 305937008, 0: 306999836, 1: 13016304, 2: 464724}
projective mod-3 coverage: full 13/13 for 78728/78728 states; >=2 classes for 78728/78728
UNIVERSAL AVAILABILITY: every side state can reach >=2 projective classes -> every unresolved pair separable in one level
successor-count stats: min 26, max 15545
wrote np_hc_side.pkl
